<?xml version="1.0" encoding="UTF-8"?>
<!-- Generated by org.testng.reporters.JUnitReportReporter -->
<testsuite skipped="0" hostname="apples-iMac-2.local" name="shopifyTest.addstore" tests="1" failures="0" timestamp="22 Oct 2019 11:02:28 GMT" time="123.269" errors="0">
  <testcase name="f" time="123.269" classname="shopifyTest.addstore"/>
</testsuite> <!-- shopifyTest.addstore -->
