<?xml version="1.0" encoding="UTF-8"?>
<!-- Generated by org.testng.reporters.JUnitReportReporter -->
<testsuite skipped="0" hostname="apples-iMac-2.local" name="shopifyTest.themespage" tests="1" failures="0" timestamp="22 Oct 2019 11:17:20 GMT" time="88.724" errors="0">
  <testcase name="f" time="88.724" classname="shopifyTest.themespage"/>
</testsuite> <!-- shopifyTest.themespage -->
