<?xml version="1.0" encoding="UTF-8"?>
<!-- Generated by org.testng.reporters.JUnitReportReporter -->
<testsuite skipped="0" hostname="apples-iMac-2.local" name="exceldata.datafromexcel" tests="1" failures="0" timestamp="22 Oct 2019 11:39:13 GMT" time="104.324" errors="0">
  <testcase name="f" time="104.324" classname="exceldata.datafromexcel"/>
</testsuite> <!-- exceldata.datafromexcel -->
